<?xml version="1.0" encoding="UTF-8"?>
<testsuite xmlns:xsi="http://www.w3.org/2001/XMLSchema-instance" xsi:noNamespaceSchemaLocation="https://maven.apache.org/surefire/maven-surefire-plugin/xsd/surefire-test-report.xsd" version="3.0.2" name="com.ecom.microservice.Security.SecurityApplicationTests" time="15.155" tests="1" errors="0" skipped="0" failures="0">
  <properties>
[...]
</properties>
  <testcase name="contextLoads" classname="com.ecom.microservice.Security.SecurityApplicationTests" time="1.462">
    <system-out><![CDATA[13:46:28.418 [main] INFO org.springframework.test.context.support.AnnotationConfigContextLoaderUtils -- Could not detect default configuration classes for test class [com.ecom.microservice.Security.SecurityApplicationTests]: SecurityApplicationTests does not declare any static, non-private, non-final, nested classes annotated with @Configuration.
13:46:28.700 [main] INFO org.springframework.boot.test.context.SpringBootTestContextBootstrapper -- Found @SpringBootConfiguration com.ecom.microservice.Security.SecurityApplication for test class com.ecom.microservice.Security.SecurityApplicationTests

  .   ____          _            __ _ _
 /\\ / ___'_ __ _ _(_)_ __  __ _ \ \ \ \
( ( )\___ | '_ | '_| | '_ \/ _` | \ \ \ \
 \\/  ___)| |_)| | | | | || (_| |  ) ) ) )
  '  |____| .__|_| |_|_| |_\__, | / / / /
 =========|_|==============|___/=/_/_/_/

 :: Spring Boot ::                (v3.4.1)

2025-01-01T13:46:30.463-05:00  INFO 13484 --- [security-service] [           main] [                                                 ] c.e.m.Security.SecurityApplicationTests  : Starting SecurityApplicationTests using Java 23 with PID 13484 (started by sivas in C:\E-Commerce_Cake_Microservice_Website\Security)
2025-01-01T13:46:30.466-05:00  INFO 13484 --- [security-service] [           main] [                                                 ] c.e.m.Security.SecurityApplicationTests  : No active profile set, falling back to 1 default profile: "default"
2025-01-01T13:46:33.137-05:00  INFO 13484 --- [security-service] [           main] [                                                 ] .s.d.r.c.RepositoryConfigurationDelegate : Bootstrapping Spring Data MongoDB repositories in DEFAULT mode.
2025-01-01T13:46:33.455-05:00  INFO 13484 --- [security-service] [           main] [                                                 ] .s.d.r.c.RepositoryConfigurationDelegate : Finished Spring Data repository scanning in 301 ms. Found 1 MongoDB repository interface.
2025-01-01T13:46:34.004-05:00  INFO 13484 --- [security-service] [           main] [                                                 ] o.s.cloud.context.scope.GenericScope     : BeanFactory id=d1e3bc0d-a392-3017-92ce-9d499fd99b11
2025-01-01T13:46:35.060-05:00  INFO 13484 --- [security-service] [b2y.mongodb.net] [                                                 ] org.mongodb.driver.cluster               : Adding discovered server ecomcake-shard-00-01.xqb2y.mongodb.net:27017 to client view of cluster
2025-01-01T13:46:35.188-05:00  INFO 13484 --- [security-service] [           main] [                                                 ] org.mongodb.driver.client                : MongoClient with metadata {"application": {"name": "ecomCake"}, "driver": {"name": "mongo-java-driver|sync|spring-boot", "version": "5.2.1"}, "os": {"type": "Windows", "name": "Windows 11", "architecture": "amd64", "version": "10.0"}, "platform": "Java/Oracle Corporation/23+37-2369"} created with settings MongoClientSettings{readPreference=primary, writeConcern=WriteConcern{w=majority, wTimeout=null ms, journal=null}, retryWrites=true, retryReads=true, readConcern=ReadConcern{level=null}, credential=MongoCredential{mechanism=null, userName='sivasankaran476', source='admin', password=<hidden>, mechanismProperties=<hidden>}, transportSettings=null, commandListeners=[io.micrometer.core.instrument.binder.mongodb.MongoMetricsCommandListener@5635bcd2], codecRegistry=ProvidersCodecRegistry{codecProviders=[ValueCodecProvider{}, BsonValueCodecProvider{}, DBRefCodecProvider{}, DBObjectCodecProvider{}, DocumentCodecProvider{}, CollectionCodecProvider{}, IterableCodecProvider{}, MapCodecProvider{}, GeoJsonCodecProvider{}, GridFSFileCodecProvider{}, Jsr310CodecProvider{}, JsonObjectCodecProvider{}, BsonCodecProvider{}, EnumCodecProvider{}, com.mongodb.client.model.mql.ExpressionCodecProvider@5c5c7cc4, com.mongodb.Jep395RecordCodecProvider@6c27e700, com.mongodb.KotlinCodecProvider@56b9d43f]}, loggerSettings=LoggerSettings{maxDocumentLength=1000}, clusterSettings={hosts=[127.0.0.1:27017], srvHost=ecomcake.xqb2y.mongodb.net, srvServiceName=mongodb, mode=MULTIPLE, requiredClusterType=REPLICA_SET, requiredReplicaSetName='atlas-2tqig1-shard-0', serverSelector='null', clusterListeners='[]', serverSelectionTimeout='30000 ms', localThreshold='15 ms'}, socketSettings=SocketSettings{connectTimeoutMS=10000, readTimeoutMS=0, receiveBufferSize=0, proxySettings=ProxySettings{host=null, port=null, username=null, password=null}}, heartbeatSocketSettings=SocketSettings{connectTimeoutMS=10000, readTimeoutMS=10000, receiveBufferSize=0, proxySettings=ProxySettings{host=null, port=null, username=null, password=null}}, connectionPoolSettings=ConnectionPoolSettings{maxSize=100, minSize=0, maxWaitTimeMS=120000, maxConnectionLifeTimeMS=0, maxConnectionIdleTimeMS=0, maintenanceInitialDelayMS=0, maintenanceFrequencyMS=60000, connectionPoolListeners=[io.micrometer.core.instrument.binder.mongodb.MongoMetricsConnectionPoolListener@2d913116], maxConnecting=2}, serverSettings=ServerSettings{heartbeatFrequencyMS=10000, minHeartbeatFrequencyMS=500, serverMonitoringMode=AUTO, serverListeners='[]', serverMonitorListeners='[]'}, sslSettings=SslSettings{enabled=true, invalidHostNameAllowed=false, context=null}, applicationName='ecomCake', compressorList=[], uuidRepresentation=JAVA_LEGACY, serverApi=null, autoEncryptionSettings=null, dnsClient=null, inetAddressResolver=null, contextProvider=null, timeoutMS=null}
2025-01-01T13:46:35.236-05:00  INFO 13484 --- [security-service] [b2y.mongodb.net] [                                                 ] org.mongodb.driver.cluster               : Adding discovered server ecomcake-shard-00-02.xqb2y.mongodb.net:27017 to client view of cluster
2025-01-01T13:46:35.241-05:00  INFO 13484 --- [security-service] [b2y.mongodb.net] [                                                 ] org.mongodb.driver.cluster               : Adding discovered server ecomcake-shard-00-00.xqb2y.mongodb.net:27017 to client view of cluster
2025-01-01T13:46:36.578-05:00  INFO 13484 --- [security-service] [ngodb.net:27017] [                                                 ] org.mongodb.driver.cluster               : Monitor thread successfully connected to server with description ServerDescription{address=ecomcake-shard-00-01.xqb2y.mongodb.net:27017, type=REPLICA_SET_SECONDARY, cryptd=false, state=CONNECTED, ok=true, minWireVersion=0, maxWireVersion=25, maxDocumentSize=16777216, logicalSessionTimeoutMinutes=30, roundTripTimeNanos=889670200, minRoundTripTimeNanos=0, setName='atlas-2tqig1-shard-0', canonicalAddress=ecomcake-shard-00-01.xqb2y.mongodb.net:27017, hosts=[ecomcake-shard-00-00.xqb2y.mongodb.net:27017, ecomcake-shard-00-02.xqb2y.mongodb.net:27017, ecomcake-shard-00-01.xqb2y.mongodb.net:27017], passives=[], arbiters=[], primary='ecomcake-shard-00-02.xqb2y.mongodb.net:27017', tagSet=TagSet{[Tag{name='availabilityZone', value='use1-az1'}, Tag{name='diskState', value='READY'}, Tag{name='nodeType', value='ELECTABLE'}, Tag{name='provider', value='AWS'}, Tag{name='region', value='US_EAST_1'}, Tag{name='workloadType', value='OPERATIONAL'}]}, electionId=null, setVersion=123, topologyVersion=TopologyVersion{processId=67589f581fd2783e5373e1e8, counter=3}, lastWriteDate=Wed Jan 01 13:46:37 EST 2025, lastUpdateTimeNanos=711261810400}
2025-01-01T13:46:36.578-05:00  INFO 13484 --- [security-service] [ngodb.net:27017] [                                                 ] org.mongodb.driver.cluster               : Monitor thread successfully connected to server with description ServerDescription{address=ecomcake-shard-00-00.xqb2y.mongodb.net:27017, type=REPLICA_SET_SECONDARY, cryptd=false, state=CONNECTED, ok=true, minWireVersion=0, maxWireVersion=25, maxDocumentSize=16777216, logicalSessionTimeoutMinutes=30, roundTripTimeNanos=889682000, minRoundTripTimeNanos=0, setName='atlas-2tqig1-shard-0', canonicalAddress=ecomcake-shard-00-00.xqb2y.mongodb.net:27017, hosts=[ecomcake-shard-00-00.xqb2y.mongodb.net:27017, ecomcake-shard-00-02.xqb2y.mongodb.net:27017, ecomcake-shard-00-01.xqb2y.mongodb.net:27017], passives=[], arbiters=[], primary='ecomcake-shard-00-02.xqb2y.mongodb.net:27017', tagSet=TagSet{[Tag{name='availabilityZone', value='use1-az6'}, Tag{name='diskState', value='READY'}, Tag{name='nodeType', value='ELECTABLE'}, Tag{name='provider', value='AWS'}, Tag{name='region', value='US_EAST_1'}, Tag{name='workloadType', value='OPERATIONAL'}]}, electionId=null, setVersion=123, topologyVersion=TopologyVersion{processId=67589ec7576454dc97c92e3b, counter=4}, lastWriteDate=Wed Jan 01 13:46:37 EST 2025, lastUpdateTimeNanos=711261810900}
2025-01-01T13:46:36.579-05:00  INFO 13484 --- [security-service] [ngodb.net:27017] [                                                 ] org.mongodb.driver.cluster               : Monitor thread successfully connected to server with description ServerDescription{address=ecomcake-shard-00-02.xqb2y.mongodb.net:27017, type=REPLICA_SET_PRIMARY, cryptd=false, state=CONNECTED, ok=true, minWireVersion=0, maxWireVersion=25, maxDocumentSize=16777216, logicalSessionTimeoutMinutes=30, roundTripTimeNanos=889679000, minRoundTripTimeNanos=0, setName='atlas-2tqig1-shard-0', canonicalAddress=ecomcake-shard-00-02.xqb2y.mongodb.net:27017, hosts=[ecomcake-shard-00-00.xqb2y.mongodb.net:27017, ecomcake-shard-00-02.xqb2y.mongodb.net:27017, ecomcake-shard-00-01.xqb2y.mongodb.net:27017], passives=[], arbiters=[], primary='ecomcake-shard-00-02.xqb2y.mongodb.net:27017', tagSet=TagSet{[Tag{name='availabilityZone', value='use1-az2'}, Tag{name='diskState', value='READY'}, Tag{name='nodeType', value='ELECTABLE'}, Tag{name='provider', value='AWS'}, Tag{name='region', value='US_EAST_1'}, Tag{name='workloadType', value='OPERATIONAL'}]}, electionId=7fffffff000000000000016e, setVersion=123, topologyVersion=TopologyVersion{processId=67589f10ce3b476068c6216d, counter=6}, lastWriteDate=Wed Jan 01 13:46:37 EST 2025, lastUpdateTimeNanos=711261810600}
2025-01-01T13:46:36.610-05:00  INFO 13484 --- [security-service] [ngodb.net:27017] [                                                 ] org.mongodb.driver.cluster               : Discovered replica set primary ecomcake-shard-00-02.xqb2y.mongodb.net:27017 with max election id 7fffffff000000000000016e and max set version 123
2025-01-01T13:46:37.574-05:00  INFO 13484 --- [security-service] [           main] [                                                 ] eAuthenticationProviderManagerConfigurer : Global AuthenticationManager configured with AuthenticationProvider bean with name authenticationProvider
2025-01-01T13:46:37.574-05:00  WARN 13484 --- [security-service] [           main] [                                                 ] r$InitializeUserDetailsManagerConfigurer : Global AuthenticationManager configured with an AuthenticationProvider bean. UserDetailsService beans will not be used by Spring Security for automatically configuring username/password login. Consider removing the AuthenticationProvider bean. Alternatively, consider using the UserDetailsService in a manually instantiated DaoAuthenticationProvider. If the current configuration is intentional, to turn off this warning, increase the logging level of 'org.springframework.security.config.annotation.authentication.configuration.InitializeUserDetailsBeanManagerConfigurer' to ERROR
2025-01-01T13:46:38.852-05:00  INFO 13484 --- [security-service] [           main] [                                                 ] o.s.b.a.e.web.EndpointLinksResolver      : Exposing 3 endpoints beneath base path '/actuator'
2025-01-01T13:46:39.334-05:00 DEBUG 13484 --- [security-service] [           main] [                                                 ] o.s.s.web.DefaultSecurityFilterChain     : Will secure any request with filters: DisableEncodeUrlFilter, WebAsyncManagerIntegrationFilter, SecurityContextHolderFilter, HeaderWriterFilter, LogoutFilter, JwtAuthenticationFilter, BasicAuthenticationFilter, RequestCacheAwareFilter, SecurityContextHolderAwareRequestFilter, AnonymousAuthenticationFilter, ExceptionTranslationFilter, AuthorizationFilter
2025-01-01T13:46:40.389-05:00  INFO 13484 --- [security-service] [           main] [                                                 ] DiscoveryClientOptionalArgsConfiguration : Eureka HTTP Client uses RestTemplate.
2025-01-01T13:46:40.452-05:00  WARN 13484 --- [security-service] [           main] [                                                 ] iguration$LoadBalancerCaffeineWarnLogger : Spring Cloud LoadBalancer is currently working with the default cache. While this cache implementation is useful for development and tests, it's recommended to use Caffeine cache in production.You can switch to using Caffeine cache, by adding it and org.springframework.cache.caffeine.CaffeineCacheManager to the classpath.
2025-01-01T13:46:40.583-05:00  INFO 13484 --- [security-service] [           main] [                                                 ] o.s.c.n.eureka.InstanceInfoFactory       : Setting initial instance status as: STARTING
2025-01-01T13:46:40.630-05:00  INFO 13484 --- [security-service] [           main] [                                                 ] com.netflix.discovery.DiscoveryClient    : Initializing Eureka in region us-east-1
2025-01-01T13:46:40.641-05:00  INFO 13484 --- [security-service] [           main] [                                                 ] c.n.d.s.r.aws.ConfigClusterResolver      : Resolving eureka endpoints via configuration
2025-01-01T13:46:40.658-05:00  INFO 13484 --- [security-service] [           main] [                                                 ] com.netflix.discovery.DiscoveryClient    : Disable delta property : false
2025-01-01T13:46:40.659-05:00  INFO 13484 --- [security-service] [           main] [                                                 ] com.netflix.discovery.DiscoveryClient    : Single vip registry refresh property : null
2025-01-01T13:46:40.659-05:00  INFO 13484 --- [security-service] [           main] [                                                 ] com.netflix.discovery.DiscoveryClient    : Force full registry fetch : false
2025-01-01T13:46:40.659-05:00  INFO 13484 --- [security-service] [           main] [                                                 ] com.netflix.discovery.DiscoveryClient    : Application is null : false
2025-01-01T13:46:40.659-05:00  INFO 13484 --- [security-service] [           main] [                                                 ] com.netflix.discovery.DiscoveryClient    : Registered Applications size is zero : true
2025-01-01T13:46:40.660-05:00  INFO 13484 --- [security-service] [           main] [                                                 ] com.netflix.discovery.DiscoveryClient    : Application version is -1: true
2025-01-01T13:46:40.660-05:00  INFO 13484 --- [security-service] [           main] [                                                 ] com.netflix.discovery.DiscoveryClient    : Getting all instance registry info from the eureka server
2025-01-01T13:46:41.407-05:00  INFO 13484 --- [security-service] [           main] [                                                 ] com.netflix.discovery.DiscoveryClient    : The response status is 200
2025-01-01T13:46:41.409-05:00  INFO 13484 --- [security-service] [           main] [                                                 ] com.netflix.discovery.DiscoveryClient    : Starting heartbeat executor: renew interval is: 30
2025-01-01T13:46:41.412-05:00  INFO 13484 --- [security-service] [           main] [                                                 ] c.n.discovery.InstanceInfoReplicator     : InstanceInfoReplicator onDemand update allowed rate per min is 4
2025-01-01T13:46:41.419-05:00  INFO 13484 --- [security-service] [           main] [                                                 ] com.netflix.discovery.DiscoveryClient    : Discovery Client initialized at timestamp 1735757201416 with initial instances count: 0
2025-01-01T13:46:41.428-05:00  INFO 13484 --- [security-service] [           main] [                                                 ] o.s.c.n.e.s.EurekaServiceRegistry        : Registering application SECURITY-SERVICE with eureka with status UP
2025-01-01T13:46:41.429-05:00  INFO 13484 --- [security-service] [           main] [                                                 ] com.netflix.discovery.DiscoveryClient    : Saw local status change event StatusChangeEvent [timestamp=1735757201429, current=UP, previous=STARTING]
2025-01-01T13:46:41.433-05:00  INFO 13484 --- [security-service] [foReplicator-%d] [                                                 ] com.netflix.discovery.DiscoveryClient    : DiscoveryClient_SECURITY-SERVICE/Siva.mshome.net:security-service:8989: registering service...
2025-01-01T13:46:41.475-05:00  INFO 13484 --- [security-service] [           main] [                                                 ] c.e.m.Security.SecurityApplicationTests  : Started SecurityApplicationTests in 11.854 seconds (process running for 14.828)
2025-01-01T13:46:41.760-05:00  INFO 13484 --- [security-service] [foReplicator-%d] [                                                 ] com.netflix.discovery.DiscoveryClient    : DiscoveryClient_SECURITY-SERVICE/Siva.mshome.net:security-service:8989 - registration status: 204
]]></system-out>
    <system-err><![CDATA[Mockito is currently self-attaching to enable the inline-mock-maker. This will no longer work in future releases of the JDK. Please add Mockito as an agent to your build what is described in Mockito's documentation: https://javadoc.io/doc/org.mockito/mockito-core/latest/org/mockito/Mockito.html#0.3
WARNING: A Java agent has been loaded dynamically (C:\Users\sivas\.m2\repository\net\bytebuddy\byte-buddy-agent\1.15.11\byte-buddy-agent-1.15.11.jar)
WARNING: If a serviceability tool is in use, please run with -XX:+EnableDynamicAgentLoading to hide this warning
WARNING: If a serviceability tool is not in use, please run with -Djdk.instrument.traceUsage for more information
WARNING: Dynamic loading of agents will be disallowed by default in a future release
]]></system-err>
  </testcase>
</testsuite>